0 info it worked if it ends with ok
1 verbose cli [ 'C:\\Program Files\\nodejs\\\\node.exe',
1 verbose cli   'C:\\Program Files\\nodejs\\node_modules\\npm\\bin\\npm-cli.js',
1 verbose cli   'i',
1 verbose cli   '-g',
1 verbose cli   'make' ]
2 info using npm@1.2.11
3 info using node@v0.8.20
4 verbose node symlink C:\Program Files\nodejs\\node.exe
5 verbose read json C:\Users\dgomes\AppData\Roaming\npm\package.json
6 verbose read json C:\Users\dgomes\AppData\Roaming\npm\package.json
7 verbose cache add [ 'make', null ]
8 verbose cache add name=undefined spec="make" args=["make",null]
9 verbose parsed url { pathname: 'make', path: 'make', href: 'make' }
10 silly lockFile 5821eb27-make make
11 verbose lock make C:\Users\dgomes\AppData\Roaming\npm-cache\5821eb27-make.lock
12 silly lockFile 5821eb27-make make
13 silly lockFile 5821eb27-make make
14 verbose addNamed [ 'make', '' ]
15 verbose addNamed [ null, '' ]
16 silly lockFile 59151d68-make make@
17 verbose lock make@ C:\Users\dgomes\AppData\Roaming\npm-cache\59151d68-make.lock
18 silly addNameRange { name: 'make', range: '', hasData: false }
19 verbose url raw make
20 verbose url resolving [ 'https://registry.npmjs.org/', './make' ]
21 verbose url resolved https://registry.npmjs.org/make
22 info trying registry request attempt 1 at 00:20:58
23 http GET https://registry.npmjs.org/make
24 http 404 https://registry.npmjs.org/make
25 silly registry.get cb [ 404,
25 silly registry.get   { server: 'CouchDB/1.2.1 (Erlang OTP/R15B03)',
25 silly registry.get     date: 'Sat, 23 Feb 2013 03:20:53 GMT',
25 silly registry.get     'content-type': 'application/json',
25 silly registry.get     'content-length': '52',
25 silly registry.get     'cache-control': 'must-revalidate' } ]
26 silly lockFile 59151d68-make make@
27 silly lockFile 59151d68-make make@
28 error 404 'make' is not in the npm registry.
28 error 404 You should bug the author to publish it
28 error 404
28 error 404 Note that you can also install from a
28 error 404 tarball, folder, or http url, or git url.
29 error System Windows_NT 6.2.9200
30 error command "C:\\Program Files\\nodejs\\\\node.exe" "C:\\Program Files\\nodejs\\node_modules\\npm\\bin\\npm-cli.js" "i" "-g" "make"
31 error cwd C:\Users\dgomes\Documents\GitHub\tsdpm-site
32 error node -v v0.8.20
33 error npm -v 1.2.11
34 error code E404
35 verbose exit [ 1, true ]
